{
  "RSpec": {
    "coverage": {
      "/home/placid-changelog-2b82/tic-tac-toe-rb-online-web-sp-000/lib/tic_tac_toe.rb": [
        null,
        1,
        null,
        null,
        null,
        null,
        null,
        null,
        null,
        null,
        null,
        1,
        16,
        16,
        16,
        16,
        16,
        null,
        null,
        1,
        16,
        null,
        null,
        1,
        16,
        null,
        null,
        1,
        16,
        null,
        null,
        1,
        16,
        16,
        null,
        null,
        null,
        1,
        16,
        16,
        144,
        25,
        null,
        null,
        16,
        null,
        null,
        1,
        16,
        null,
        null,
        1,
        16,
        16,
        16,
        16,
        16,
        16,
        null,
        0,
        null,
        null,
        null,
        1,
        51,
        389,
        389,
        389,
        null,
        389,
        389,
        389,
        null,
        389,
        6,
        null,
        null,
        45,
        null,
        null,
        1,
        157,
        31,
        null,
        2,
        null,
        null,
        null,
        1,
        23,
        0,
        null,
        null,
        null,
        1,
        17,
        8,
        null,
        null,
        null,
        1,
        0,
        0,
        null,
        null,
        null,
        1,
        12,
        16,
        16,
        16,
        null,
        12,
        0,
        0,
        0,
        0,
        0,
        null,
        null
      ]
    },
    "timestamp": 1615765776
  }
}
