{
  "RSpec": {
    "coverage": {
      "/home/placid-changelog-2b82/tic-tac-toe-rb-online-web-sp-000/lib/tic_tac_toe.rb": [
        null,
        1,
        null,
        null,
        null,
        null,
        null,
        null,
        null,
        null,
        null,
        1,
        7,
        7,
        7,
        7,
        7,
        null,
        null,
        1,
        7,
        null,
        null,
        1,
        7,
        null,
        null,
        1,
        7,
        null,
        null,
        1,
        7,
        7,
        null,
        null,
        null,
        1,
        7,
        7,
        63,
        4,
        null,
        null,
        7,
        null,
        null,
        1,
        7,
        null,
        null,
        1,
        7,
        7,
        7,
        7,
        7,
        7,
        null,
        0,
        null,
        null,
        null,
        1,
        54,
        289,
        289,
        289,
        null,
        289,
        289,
        289,
        null,
        289,
        23,
        null,
        null,
        31,
        null,
        null,
        1,
        116,
        19,
        null,
        6,
        null,
        null,
        null,
        1,
        16,
        2,
        null,
        null,
        null,
        1,
        16,
        11,
        null,
        null,
        null,
        1,
        7,
        7,
        null,
        null,
        null,
        1,
        12,
        7,
        7,
        null,
        12,
        2,
        2,
        null,
        10,
        4,
        4,
        6,
        2,
        null,
        null
      ]
    },
    "timestamp": 1615765592
  }
}
